[debug] [2024-03-14T09:35:38.354Z] ----------------------------------------------------------------------
[debug] [2024-03-14T09:35:38.361Z] Command:       C:\Program Files\nodejs\node.exe C:\Users\Kirti\AppData\Roaming\npm\node_modules\firebase-tools\lib\bin\firebase.js init
[debug] [2024-03-14T09:35:38.361Z] CLI Version:   13.3.0
[debug] [2024-03-14T09:35:38.362Z] Platform:      win32
[debug] [2024-03-14T09:35:38.362Z] Node Version:  v20.11.1
[debug] [2024-03-14T09:35:38.362Z] Time:          Thu Mar 14 2024 15:05:38 GMT+0530 (India Standard Time)
[debug] [2024-03-14T09:35:38.362Z] ----------------------------------------------------------------------
[debug] 
[debug] [2024-03-14T09:35:38.368Z] >>> [apiv2][query] GET https://firebase-public.firebaseio.com/cli.json [none]
[debug] [2024-03-14T09:35:38.633Z] > command requires scopes: ["email","openid","https://www.googleapis.com/auth/cloudplatformprojects.readonly","https://www.googleapis.com/auth/firebase","https://www.googleapis.com/auth/cloud-platform"]
[debug] [2024-03-14T09:35:38.634Z] > authorizing via signed-in user (bathijarishi@gmail.com)
[info] 
     ######## #### ########  ######## ########     ###     ######  ########
     ##        ##  ##     ## ##       ##     ##  ##   ##  ##       ##
     ######    ##  ########  ######   ########  #########  ######  ######
     ##        ##  ##    ##  ##       ##     ## ##     ##       ## ##
     ##       #### ##     ## ######## ########  ##     ##  ######  ########

You're about to initialize a Firebase project in this directory:

  C:\Users\Kirti\reactjs\moviesinfo

Before we get started, keep in mind:

  * You are initializing within an existing Firebase project directory

[debug] [2024-03-14T09:36:10.360Z] <<< [apiv2][status] GET https://firebase-public.firebaseio.com/cli.json 200
[debug] [2024-03-14T09:36:10.362Z] <<< [apiv2][body] GET https://firebase-public.firebaseio.com/cli.json {"cloudBuildErrorAfter":1594252800000,"cloudBuildWarnAfter":1590019200000,"defaultNode10After":1594252800000,"minVersion":"3.0.5","node8DeploysDisabledAfter":1613390400000,"node8RuntimeDisabledAfter":1615809600000,"node8WarnAfter":1600128000000}
[info] 
=== Project Setup
[info] 
[info] First, let's associate this project directory with a Firebase project.
[info] You can create multiple project aliases by running firebase use --add, 
[info] but for now we'll just set up a default project.
[info] 
[debug] [2024-03-14T09:36:53.976Z] Using project from CLI flag: moviesinfo-54517
[debug] [2024-03-14T09:36:53.979Z] > refreshing access token with scopes: []
[debug] [2024-03-14T09:36:53.982Z] >>> [apiv2][query] POST https://www.googleapis.com/oauth2/v3/token [none]
[debug] [2024-03-14T09:36:53.983Z] >>> [apiv2][body] POST https://www.googleapis.com/oauth2/v3/token [omitted]
[debug] [2024-03-14T09:37:43.385Z] *** [apiv2] error from fetch(https://www.googleapis.com/oauth2/v3/token, {"headers":{},"method":"POST","body":{"_overheadLength":545,"_valueLength":212,"_valuesToMeasure":[],"writable":false,"readable":true,"dataSize":0,"maxDataSize":2097152,"pauseStreams":true,"_released":true,"_streams":[],"_currentStream":null,"_insideLoop":false,"_pendingNext":false,"_boundary":"--------------------------766313769188258565361727","_events":{},"_eventsCount":1}}): FetchError: request to https://www.googleapis.com/oauth2/v3/token failed, reason: socket hang up
[debug] [2024-03-14T09:37:43.386Z] Authentication Error: Your credentials are no longer valid. Please run firebase login --reauth

For CI servers and headless environments, generate a new token with firebase login:ci
[debug] [2024-03-14T09:37:48.417Z] Error: Timed out.
    at Timeout._onTimeout (C:\Users\Kirti\AppData\Roaming\npm\node_modules\firebase-tools\lib\utils.js:258:49)
    at listOnTimeout (node:internal/timers:573:17)
    at process.processTimers (node:internal/timers:514:7)
[error] 
[error] Error: An unexpected error has occurred.
